<?xml version="1.0" encoding="UTF-8"?>
<testsuite xmlns:xsi="http://www.w3.org/2001/XMLSchema-instance" xsi:noNamespaceSchemaLocation="https://maven.apache.org/surefire/maven-surefire-plugin/xsd/surefire-test-report-3.0.xsd" version="3.0" name="com.kaiburr.kaiburrproject.KaiburrProjectApplicationTests" time="10.526" tests="1" errors="0" skipped="0" failures="0">
  <properties>
[...]
</properties>
  <testcase name="contextLoads" classname="com.kaiburr.kaiburrproject.KaiburrProjectApplicationTests" time="1.783">
    <system-out><![CDATA[21:07:45.676 [main] INFO org.springframework.test.context.support.AnnotationConfigContextLoaderUtils -- Could not detect default configuration classes for test class [com.kaiburr.kaiburrproject.KaiburrProjectApplicationTests]: KaiburrProjectApplicationTests does not declare any static, non-private, non-final, nested classes annotated with @Configuration.
21:07:45.850 [main] INFO org.springframework.boot.test.context.SpringBootTestContextBootstrapper -- Found @SpringBootConfiguration com.kaiburr.kaiburrproject.KaiburrProjectApplication for test class com.kaiburr.kaiburrproject.KaiburrProjectApplicationTests

  .   ____          _            __ _ _
 /\\ / ___'_ __ _ _(_)_ __  __ _ \ \ \ \
( ( )\___ | '_ | '_| | '_ \/ _` | \ \ \ \
 \\/  ___)| |_)| | | | | || (_| |  ) ) ) )
  '  |____| .__|_| |_|_| |_\__, | / / / /
 =========|_|==============|___/=/_/_/_/
 :: Spring Boot ::                (v3.2.1)

2024-01-13T21:07:46.657+05:30  INFO 67275 --- [           main] c.k.k.KaiburrProjectApplicationTests     : Starting KaiburrProjectApplicationTests using Java 21.0.1 with PID 67275 (started by arunodhaiv in /Users/arunodhaiv/IdeaProjects/KAIBURR_TASK1/kaiburrTask1)
2024-01-13T21:07:46.659+05:30  INFO 67275 --- [           main] c.k.k.KaiburrProjectApplicationTests     : No active profile set, falling back to 1 default profile: "default"
2024-01-13T21:07:48.405+05:30  INFO 67275 --- [           main] .s.d.r.c.RepositoryConfigurationDelegate : Bootstrapping Spring Data MongoDB repositories in DEFAULT mode.
2024-01-13T21:07:48.605+05:30  INFO 67275 --- [           main] .s.d.r.c.RepositoryConfigurationDelegate : Finished Spring Data repository scanning in 190 ms. Found 1 MongoDB repository interface.
2024-01-13T21:07:50.240+05:30  INFO 67275 --- [           main] org.mongodb.driver.client                : MongoClient with metadata {"driver": {"name": "mongo-java-driver|sync|spring-boot", "version": "4.11.1"}, "os": {"type": "Darwin", "name": "Mac OS X", "architecture": "x86_64", "version": "14.0"}, "platform": "Java/Oracle Corporation/21.0.1+12-29"} created with settings MongoClientSettings{readPreference=primary, writeConcern=WriteConcern{w=majority, wTimeout=null ms, journal=null}, retryWrites=true, retryReads=true, readConcern=ReadConcern{level=null}, credential=MongoCredential{mechanism=null, userName='amenp2mca22016', source='admin', password=<hidden>, mechanismProperties=<hidden>}, transportSettings=null, streamFactoryFactory=null, commandListeners=[], codecRegistry=ProvidersCodecRegistry{codecProviders=[ValueCodecProvider{}, BsonValueCodecProvider{}, DBRefCodecProvider{}, DBObjectCodecProvider{}, DocumentCodecProvider{}, CollectionCodecProvider{}, IterableCodecProvider{}, MapCodecProvider{}, GeoJsonCodecProvider{}, GridFSFileCodecProvider{}, Jsr310CodecProvider{}, JsonObjectCodecProvider{}, BsonCodecProvider{}, EnumCodecProvider{}, com.mongodb.client.model.mql.ExpressionCodecProvider@1f939a0f, com.mongodb.Jep395RecordCodecProvider@45658133, com.mongodb.KotlinCodecProvider@430b2699]}, loggerSettings=LoggerSettings{maxDocumentLength=1000}, clusterSettings={hosts=[127.0.0.1:27017], srvHost=cluster0.hhalde3.mongodb.net, srvServiceName=mongodb, mode=MULTIPLE, requiredClusterType=REPLICA_SET, requiredReplicaSetName='atlas-mhd2m1-shard-0', serverSelector='null', clusterListeners='[]', serverSelectionTimeout='30000 ms', localThreshold='15 ms'}, socketSettings=SocketSettings{connectTimeoutMS=10000, readTimeoutMS=0, receiveBufferSize=0, proxySettings=ProxySettings{host=null, port=null, username=null, password=null}}, heartbeatSocketSettings=SocketSettings{connectTimeoutMS=10000, readTimeoutMS=10000, receiveBufferSize=0, proxySettings=ProxySettings{host=null, port=null, username=null, password=null}}, connectionPoolSettings=ConnectionPoolSettings{maxSize=100, minSize=0, maxWaitTimeMS=120000, maxConnectionLifeTimeMS=0, maxConnectionIdleTimeMS=0, maintenanceInitialDelayMS=0, maintenanceFrequencyMS=60000, connectionPoolListeners=[], maxConnecting=2}, serverSettings=ServerSettings{heartbeatFrequencyMS=10000, minHeartbeatFrequencyMS=500, serverListeners='[]', serverMonitorListeners='[]'}, sslSettings=SslSettings{enabled=true, invalidHostNameAllowed=false, context=null}, applicationName='null', compressorList=[], uuidRepresentation=JAVA_LEGACY, serverApi=null, autoEncryptionSettings=null, dnsClient=null, inetAddressResolver=null, contextProvider=null}
2024-01-13T21:07:50.725+05:30  INFO 67275 --- [de3.mongodb.net] org.mongodb.driver.cluster               : Adding discovered server ac-bztyiok-shard-00-00.hhalde3.mongodb.net:27017 to client view of cluster
2024-01-13T21:07:50.790+05:30  INFO 67275 --- [de3.mongodb.net] org.mongodb.driver.cluster               : Adding discovered server ac-bztyiok-shard-00-02.hhalde3.mongodb.net:27017 to client view of cluster
2024-01-13T21:07:50.848+05:30  INFO 67275 --- [de3.mongodb.net] org.mongodb.driver.cluster               : Adding discovered server ac-bztyiok-shard-00-01.hhalde3.mongodb.net:27017 to client view of cluster
2024-01-13T21:07:53.962+05:30  INFO 67275 --- [ngodb.net:27017] org.mongodb.driver.cluster               : Monitor thread successfully connected to server with description ServerDescription{address=ac-bztyiok-shard-00-02.hhalde3.mongodb.net:27017, type=REPLICA_SET_SECONDARY, state=CONNECTED, ok=true, minWireVersion=0, maxWireVersion=17, maxDocumentSize=16777216, logicalSessionTimeoutMinutes=30, roundTripTimeNanos=1357459417, setName='atlas-mhd2m1-shard-0', canonicalAddress=ac-bztyiok-shard-00-02.hhalde3.mongodb.net:27017, hosts=[ac-bztyiok-shard-00-00.hhalde3.mongodb.net:27017, ac-bztyiok-shard-00-01.hhalde3.mongodb.net:27017, ac-bztyiok-shard-00-02.hhalde3.mongodb.net:27017], passives=[], arbiters=[], primary='ac-bztyiok-shard-00-01.hhalde3.mongodb.net:27017', tagSet=TagSet{[Tag{name='availabilityZone', value='aps1-az2'}, Tag{name='diskState', value='READY'}, Tag{name='nodeType', value='ELECTABLE'}, Tag{name='provider', value='AWS'}, Tag{name='region', value='AP_SOUTH_1'}, Tag{name='workloadType', value='OPERATIONAL'}]}, electionId=null, setVersion=9, topologyVersion=TopologyVersion{processId=658712618bf5a1391ee24634, counter=4}, lastWriteDate=Sat Jan 13 21:07:53 IST 2024, lastUpdateTimeNanos=113488444678666}
2024-01-13T21:07:53.962+05:30  INFO 67275 --- [ngodb.net:27017] org.mongodb.driver.cluster               : Monitor thread successfully connected to server with description ServerDescription{address=ac-bztyiok-shard-00-00.hhalde3.mongodb.net:27017, type=REPLICA_SET_SECONDARY, state=CONNECTED, ok=true, minWireVersion=0, maxWireVersion=17, maxDocumentSize=16777216, logicalSessionTimeoutMinutes=30, roundTripTimeNanos=1520089000, setName='atlas-mhd2m1-shard-0', canonicalAddress=ac-bztyiok-shard-00-00.hhalde3.mongodb.net:27017, hosts=[ac-bztyiok-shard-00-00.hhalde3.mongodb.net:27017, ac-bztyiok-shard-00-01.hhalde3.mongodb.net:27017, ac-bztyiok-shard-00-02.hhalde3.mongodb.net:27017], passives=[], arbiters=[], primary='ac-bztyiok-shard-00-01.hhalde3.mongodb.net:27017', tagSet=TagSet{[Tag{name='availabilityZone', value='aps1-az1'}, Tag{name='diskState', value='READY'}, Tag{name='nodeType', value='ELECTABLE'}, Tag{name='provider', value='AWS'}, Tag{name='region', value='AP_SOUTH_1'}, Tag{name='workloadType', value='OPERATIONAL'}]}, electionId=null, setVersion=9, topologyVersion=TopologyVersion{processId=65870fb80ac4da2fe3e6b91f, counter=5}, lastWriteDate=Sat Jan 13 21:07:53 IST 2024, lastUpdateTimeNanos=113488443208458}
2024-01-13T21:07:53.962+05:30  INFO 67275 --- [ngodb.net:27017] org.mongodb.driver.cluster               : Monitor thread successfully connected to server with description ServerDescription{address=ac-bztyiok-shard-00-01.hhalde3.mongodb.net:27017, type=REPLICA_SET_PRIMARY, state=CONNECTED, ok=true, minWireVersion=0, maxWireVersion=17, maxDocumentSize=16777216, logicalSessionTimeoutMinutes=30, roundTripTimeNanos=1567352750, setName='atlas-mhd2m1-shard-0', canonicalAddress=ac-bztyiok-shard-00-01.hhalde3.mongodb.net:27017, hosts=[ac-bztyiok-shard-00-00.hhalde3.mongodb.net:27017, ac-bztyiok-shard-00-01.hhalde3.mongodb.net:27017, ac-bztyiok-shard-00-02.hhalde3.mongodb.net:27017], passives=[], arbiters=[], primary='ac-bztyiok-shard-00-01.hhalde3.mongodb.net:27017', tagSet=TagSet{[Tag{name='availabilityZone', value='aps1-az3'}, Tag{name='diskState', value='READY'}, Tag{name='nodeType', value='ELECTABLE'}, Tag{name='provider', value='AWS'}, Tag{name='region', value='AP_SOUTH_1'}, Tag{name='workloadType', value='OPERATIONAL'}]}, electionId=7fffffff000000000000017d, setVersion=9, topologyVersion=TopologyVersion{processId=658710fd78cc2e1999726377, counter=7}, lastWriteDate=Sat Jan 13 21:07:53 IST 2024, lastUpdateTimeNanos=113488443284916}
2024-01-13T21:07:53.993+05:30  INFO 67275 --- [ngodb.net:27017] org.mongodb.driver.cluster               : Discovered replica set primary ac-bztyiok-shard-00-01.hhalde3.mongodb.net:27017 with max election id 7fffffff000000000000017d and max set version 9
2024-01-13T21:07:54.030+05:30  INFO 67275 --- [           main] c.k.k.KaiburrProjectApplicationTests     : Started KaiburrProjectApplicationTests in 8.008 seconds (process running for 9.897)
]]></system-out>
    <system-err><![CDATA[WARNING: A Java agent has been loaded dynamically (/Users/arunodhaiv/.m2/repository/net/bytebuddy/byte-buddy-agent/1.14.10/byte-buddy-agent-1.14.10.jar)
WARNING: If a serviceability tool is in use, please run with -XX:+EnableDynamicAgentLoading to hide this warning
WARNING: If a serviceability tool is not in use, please run with -Djdk.instrument.traceUsage for more information
WARNING: Dynamic loading of agents will be disallowed by default in a future release
]]></system-err>
  </testcase>
</testsuite>